0 info it worked if it ends with ok
1 verbose cli [ 'node', '/usr/local/bin/npm', 'install', 'jqueryui' ]
2 info using npm@1.4.9
3 info using node@v0.10.28
4 verbose readDependencies using package.json deps
5 verbose cache add [ 'jqueryui', null ]
6 verbose cache add name=undefined spec="jqueryui" args=["jqueryui",null]
7 verbose parsed url { protocol: null,
7 verbose parsed url   slashes: null,
7 verbose parsed url   auth: null,
7 verbose parsed url   host: null,
7 verbose parsed url   port: null,
7 verbose parsed url   hostname: null,
7 verbose parsed url   hash: null,
7 verbose parsed url   search: null,
7 verbose parsed url   query: null,
7 verbose parsed url   pathname: 'jqueryui',
7 verbose parsed url   path: 'jqueryui',
7 verbose parsed url   href: 'jqueryui' }
8 silly lockFile b5d01966-jqueryui jqueryui
9 verbose lock jqueryui /Users/amberrockwood/.npm/b5d01966-jqueryui.lock
10 silly lockFile b5d01966-jqueryui jqueryui
11 silly lockFile b5d01966-jqueryui jqueryui
12 verbose addNamed [ 'jqueryui', '' ]
13 verbose addNamed [ null, '*' ]
14 silly lockFile 7a8dc95f-jqueryui jqueryui@
15 verbose lock jqueryui@ /Users/amberrockwood/.npm/7a8dc95f-jqueryui.lock
16 silly addNameRange { name: 'jqueryui', range: '*', hasData: false }
17 verbose url raw jqueryui
18 verbose url resolving [ 'https://registry.npmjs.org/', './jqueryui' ]
19 verbose url resolved https://registry.npmjs.org/jqueryui
20 info trying registry request attempt 1 at 17:30:40
21 http GET https://registry.npmjs.org/jqueryui
22 http 404 https://registry.npmjs.org/jqueryui
23 verbose headers { date: 'Tue, 20 May 2014 00:30:41 GMT',
23 verbose headers   server: 'CouchDB/1.5.0 (Erlang OTP/R14B04)',
23 verbose headers   'content-type': 'application/json',
23 verbose headers   via: '1.1 varnish',
23 verbose headers   'cache-control': 'max-age=0',
23 verbose headers   'content-length': '52',
23 verbose headers   'accept-ranges': 'bytes',
23 verbose headers   age: '0',
23 verbose headers   'x-served-by': 'cache-v43-ASH, cache-lax1429-LAX',
23 verbose headers   'x-cache': 'MISS, MISS',
23 verbose headers   'x-cache-hits': '0, 0',
23 verbose headers   'x-timer': 'S1400545841.113062382,VS0,VS33,VE138,VE170',
23 verbose headers   'keep-alive': 'timeout=10, max=50',
23 verbose headers   connection: 'Keep-Alive' }
24 silly registry.get cb [ 404,
24 silly registry.get   { date: 'Tue, 20 May 2014 00:30:41 GMT',
24 silly registry.get     server: 'CouchDB/1.5.0 (Erlang OTP/R14B04)',
24 silly registry.get     'content-type': 'application/json',
24 silly registry.get     via: '1.1 varnish',
24 silly registry.get     'cache-control': 'max-age=0',
24 silly registry.get     'content-length': '52',
24 silly registry.get     'accept-ranges': 'bytes',
24 silly registry.get     age: '0',
24 silly registry.get     'x-served-by': 'cache-v43-ASH, cache-lax1429-LAX',
24 silly registry.get     'x-cache': 'MISS, MISS',
24 silly registry.get     'x-cache-hits': '0, 0',
24 silly registry.get     'x-timer': 'S1400545841.113062382,VS0,VS33,VE138,VE170',
24 silly registry.get     'keep-alive': 'timeout=10, max=50',
24 silly registry.get     connection: 'Keep-Alive' } ]
25 silly lockFile 7a8dc95f-jqueryui jqueryui@
26 silly lockFile 7a8dc95f-jqueryui jqueryui@
27 error 404 404 Not Found: jqueryui
27 error 404
27 error 404 'jqueryui' is not in the npm registry.
27 error 404 You should bug the author to publish it
27 error 404 It was specified as a dependency of 'dynamixx'
27 error 404
27 error 404 Note that you can also install from a
27 error 404 tarball, folder, or http url, or git url.
28 error System Darwin 13.1.0
29 error command "node" "/usr/local/bin/npm" "install" "jqueryui"
30 error cwd /Users/amberrockwood/Dropbox/CS 247/piratekings
31 error node -v v0.10.28
32 error npm -v 1.4.9
33 error code E404
34 verbose exit [ 1, true ]
